{"uid":"df2c522dd6e02946","name":"Change profile name","fullName":"tests.feature_profile_test.TestProfileFeature#test_change_profile_name","historyId":"42b4a115007c35c622675a0baedb491a","time":{"start":1747592132736,"stop":1747592147753,"duration":15017},"status":"broken","statusMessage":"selenium.common.exceptions.TimeoutException: Message: \nStacktrace:\n\tGetHandleVerifier [0x00007FF790A0CF65+75717]\n\tGetHandleVerifier [0x00007FF790A0CFC0+75808]\n\t(No symbol) [0x00007FF7907D8F9A]\n\t(No symbol) [0x00007FF79082F4C6]\n\t(No symbol) [0x00007FF79082F77C]\n\t(No symbol) [0x00007FF790882577]\n\t(No symbol) [0x00007FF7908573BF]\n\t(No symbol) [0x00007FF79087F39C]\n\t(No symbol) [0x00007FF790857153]\n\t(No symbol) [0x00007FF790820421]\n\t(No symbol) [0x00007FF7908211B3]\n\tGetHandleVerifier [0x00007FF790D0D74D+3223469]\n\tGetHandleVerifier [0x00007FF790D07CF2+3200338]\n\tGetHandleVerifier [0x00007FF790D25B23+3322755]\n\tGetHandleVerifier [0x00007FF790A26A3A+180890]\n\tGetHandleVerifier [0x00007FF790A2E13F+211359]\n\tGetHandleVerifier [0x00007FF790A152B4+109332]\n\tGetHandleVerifier [0x00007FF790A15462+109762]\n\tGetHandleVerifier [0x00007FF7909FBA79+4825]\n\tBaseThreadInitThunk [0x00007FFF9F45DBE7+23]\n\tRtlUserThreadStart [0x00007FFFA0565A6C+44]","statusTrace":"self = <feature_profile_test.TestProfileFeature object at 0x0000021AE2873890>\n\n    @allure.title(\"Change profile name\")\n    @allure.severity(\"Critical\")\n    @pytest.mark.smoke\n    def test_change_profile_name(self):\n        self.login_page.open()\n        self.login_page.enter_login(self.data.LOGIN)\n        self.login_page.enter_password(self.data.PASSWORD)\n        self.login_page.click_submit_button()\n        self.dashboard_page.is_opened()\n        #self.dashboard_page.click_my_info_link()\n        #self.personal_page.is_opened()\n        #self.personal_page.change_name(f\"Test {random.randint(1, 100)}\")\n        #self.personal_page.save_changes()\n        #self.personal_page.is_changes_saved()\n        #self.personal_page.make_screenshot(\"Success\")\n        self.employee_list_page.open()\n        self.employee_list_page.is_opened()\n        self.employee_list_page.enter_employee_name_in_search_field(\"kochanzhi\")\n        self.employee_list_page.search_button_click()\n>       self.employee_list_page.no_records_check()\n\ntests\\feature_profile_test.py:28: \n_ _ _ _ _ _ _ _ _ _ _ _ _ _ _ _ _ _ _ _ _ _ _ _ _ _ _ _ _ _ _ _ _ _ _ _ _ _ _ _ _ _ _ _ _ _ _ _ _ _ _ _ _ _ _ _ _ _ _ _ _ _ _ _ _ _ _ _ _ _ _ _ _ _ _ _ _ _ _ _ _ _ _ _ _ _ _ _ _ _ _ _ _ _ _ _ _ _ _ _ _ _ _ _ _ _ _ \npages\\employeeList_page.py:39: in no_records_check\n    self.wait.until(EC.presence_of_element_located(self.NO_RECORDS_SPAN))\n_ _ _ _ _ _ _ _ _ _ _ _ _ _ _ _ _ _ _ _ _ _ _ _ _ _ _ _ _ _ _ _ _ _ _ _ _ _ _ _ _ _ _ _ _ _ _ _ _ _ _ _ _ _ _ _ _ _ _ _ _ _ _ _ _ _ _ _ _ _ _ _ _ _ _ _ _ _ _ _ _ _ _ _ _ _ _ _ _ _ _ _ _ _ _ _ _ _ _ _ _ _ _ _ _ _ _ \n\nself = <selenium.webdriver.support.wait.WebDriverWait (session=\"d6603c053794cce93dbdb5de11a0f06e\")>, method = <function presence_of_element_located.<locals>._predicate at 0x0000021AE263C180>, message = ''\n\n    def until(self, method: Callable[[D], Union[Literal[False], T]], message: str = \"\") -> T:\n        \"\"\"Wait until the method returns a value that is not False.\n    \n        Calls the method provided with the driver as an argument until the\n        return value does not evaluate to ``False``.\n    \n        Parameters:\n        -----------\n        method: callable(WebDriver)\n            - A callable object that takes a WebDriver instance as an argument.\n    \n        message: str\n            - Optional message for :exc:`TimeoutException`\n    \n        Return:\n        -------\n        object: T\n            - The result of the last call to `method`\n    \n        Raises:\n        -------\n        TimeoutException\n            - If 'method' does not return a truthy value within the WebDriverWait\n            object's timeout\n    \n        Example:\n        --------\n        >>> from selenium.webdriver.common.by import By\n        >>> from selenium.webdriver.support.ui import WebDriverWait\n        >>> from selenium.webdriver.support import expected_conditions as EC\n    \n        # Wait until an element is visible on the page\n        >>> wait = WebDriverWait(driver, 10)\n        >>> element = wait.until(EC.visibility_of_element_located((By.ID, \"exampleId\")))\n        >>> print(element.text)\n        \"\"\"\n        screen = None\n        stacktrace = None\n    \n        end_time = time.monotonic() + self._timeout\n        while True:\n            try:\n                value = method(self._driver)\n                if value:\n                    return value\n            except self._ignored_exceptions as exc:\n                screen = getattr(exc, \"screen\", None)\n                stacktrace = getattr(exc, \"stacktrace\", None)\n            if time.monotonic() > end_time:\n                break\n            time.sleep(self._poll)\n>       raise TimeoutException(message, screen, stacktrace)\nE       selenium.common.exceptions.TimeoutException: Message: \nE       Stacktrace:\nE       \tGetHandleVerifier [0x00007FF790A0CF65+75717]\nE       \tGetHandleVerifier [0x00007FF790A0CFC0+75808]\nE       \t(No symbol) [0x00007FF7907D8F9A]\nE       \t(No symbol) [0x00007FF79082F4C6]\nE       \t(No symbol) [0x00007FF79082F77C]\nE       \t(No symbol) [0x00007FF790882577]\nE       \t(No symbol) [0x00007FF7908573BF]\nE       \t(No symbol) [0x00007FF79087F39C]\nE       \t(No symbol) [0x00007FF790857153]\nE       \t(No symbol) [0x00007FF790820421]\nE       \t(No symbol) [0x00007FF7908211B3]\nE       \tGetHandleVerifier [0x00007FF790D0D74D+3223469]\nE       \tGetHandleVerifier [0x00007FF790D07CF2+3200338]\nE       \tGetHandleVerifier [0x00007FF790D25B23+3322755]\nE       \tGetHandleVerifier [0x00007FF790A26A3A+180890]\nE       \tGetHandleVerifier [0x00007FF790A2E13F+211359]\nE       \tGetHandleVerifier [0x00007FF790A152B4+109332]\nE       \tGetHandleVerifier [0x00007FF790A15462+109762]\nE       \tGetHandleVerifier [0x00007FF7909FBA79+4825]\nE       \tBaseThreadInitThunk [0x00007FFF9F45DBE7+23]\nE       \tRtlUserThreadStart [0x00007FFFA0565A6C+44]\n\n.venv\\Lib\\site-packages\\selenium\\webdriver\\support\\wait.py:146: TimeoutException","flaky":false,"newFailed":false,"newBroken":false,"newPassed":false,"retriesCount":13,"retriesStatusChange":true,"beforeStages":[{"name":"driver","time":{"start":1747592131488,"stop":1747592132735,"duration":1247},"status":"passed","steps":[],"attachments":[],"parameters":[],"stepsCount":0,"attachmentStep":false,"hasContent":false,"shouldDisplayMessage":false,"attachmentsCount":0},{"name":"setup","time":{"start":1747592132735,"stop":1747592132735,"duration":0},"status":"passed","steps":[],"attachments":[],"parameters":[],"stepsCount":0,"attachmentStep":false,"hasContent":false,"shouldDisplayMessage":false,"attachmentsCount":0}],"testStage":{"status":"broken","statusMessage":"selenium.common.exceptions.TimeoutException: Message: \nStacktrace:\n\tGetHandleVerifier [0x00007FF790A0CF65+75717]\n\tGetHandleVerifier [0x00007FF790A0CFC0+75808]\n\t(No symbol) [0x00007FF7907D8F9A]\n\t(No symbol) [0x00007FF79082F4C6]\n\t(No symbol) [0x00007FF79082F77C]\n\t(No symbol) [0x00007FF790882577]\n\t(No symbol) [0x00007FF7908573BF]\n\t(No symbol) [0x00007FF79087F39C]\n\t(No symbol) [0x00007FF790857153]\n\t(No symbol) [0x00007FF790820421]\n\t(No symbol) [0x00007FF7908211B3]\n\tGetHandleVerifier [0x00007FF790D0D74D+3223469]\n\tGetHandleVerifier [0x00007FF790D07CF2+3200338]\n\tGetHandleVerifier [0x00007FF790D25B23+3322755]\n\tGetHandleVerifier [0x00007FF790A26A3A+180890]\n\tGetHandleVerifier [0x00007FF790A2E13F+211359]\n\tGetHandleVerifier [0x00007FF790A152B4+109332]\n\tGetHandleVerifier [0x00007FF790A15462+109762]\n\tGetHandleVerifier [0x00007FF7909FBA79+4825]\n\tBaseThreadInitThunk [0x00007FFF9F45DBE7+23]\n\tRtlUserThreadStart [0x00007FFFA0565A6C+44]","statusTrace":"self = <feature_profile_test.TestProfileFeature object at 0x0000021AE2873890>\n\n    @allure.title(\"Change profile name\")\n    @allure.severity(\"Critical\")\n    @pytest.mark.smoke\n    def test_change_profile_name(self):\n        self.login_page.open()\n        self.login_page.enter_login(self.data.LOGIN)\n        self.login_page.enter_password(self.data.PASSWORD)\n        self.login_page.click_submit_button()\n        self.dashboard_page.is_opened()\n        #self.dashboard_page.click_my_info_link()\n        #self.personal_page.is_opened()\n        #self.personal_page.change_name(f\"Test {random.randint(1, 100)}\")\n        #self.personal_page.save_changes()\n        #self.personal_page.is_changes_saved()\n        #self.personal_page.make_screenshot(\"Success\")\n        self.employee_list_page.open()\n        self.employee_list_page.is_opened()\n        self.employee_list_page.enter_employee_name_in_search_field(\"kochanzhi\")\n        self.employee_list_page.search_button_click()\n>       self.employee_list_page.no_records_check()\n\ntests\\feature_profile_test.py:28: \n_ _ _ _ _ _ _ _ _ _ _ _ _ _ _ _ _ _ _ _ _ _ _ _ _ _ _ _ _ _ _ _ _ _ _ _ _ _ _ _ _ _ _ _ _ _ _ _ _ _ _ _ _ _ _ _ _ _ _ _ _ _ _ _ _ _ _ _ _ _ _ _ _ _ _ _ _ _ _ _ _ _ _ _ _ _ _ _ _ _ _ _ _ _ _ _ _ _ _ _ _ _ _ _ _ _ _ \npages\\employeeList_page.py:39: in no_records_check\n    self.wait.until(EC.presence_of_element_located(self.NO_RECORDS_SPAN))\n_ _ _ _ _ _ _ _ _ _ _ _ _ _ _ _ _ _ _ _ _ _ _ _ _ _ _ _ _ _ _ _ _ _ _ _ _ _ _ _ _ _ _ _ _ _ _ _ _ _ _ _ _ _ _ _ _ _ _ _ _ _ _ _ _ _ _ _ _ _ _ _ _ _ _ _ _ _ _ _ _ _ _ _ _ _ _ _ _ _ _ _ _ _ _ _ _ _ _ _ _ _ _ _ _ _ _ \n\nself = <selenium.webdriver.support.wait.WebDriverWait (session=\"d6603c053794cce93dbdb5de11a0f06e\")>, method = <function presence_of_element_located.<locals>._predicate at 0x0000021AE263C180>, message = ''\n\n    def until(self, method: Callable[[D], Union[Literal[False], T]], message: str = \"\") -> T:\n        \"\"\"Wait until the method returns a value that is not False.\n    \n        Calls the method provided with the driver as an argument until the\n        return value does not evaluate to ``False``.\n    \n        Parameters:\n        -----------\n        method: callable(WebDriver)\n            - A callable object that takes a WebDriver instance as an argument.\n    \n        message: str\n            - Optional message for :exc:`TimeoutException`\n    \n        Return:\n        -------\n        object: T\n            - The result of the last call to `method`\n    \n        Raises:\n        -------\n        TimeoutException\n            - If 'method' does not return a truthy value within the WebDriverWait\n            object's timeout\n    \n        Example:\n        --------\n        >>> from selenium.webdriver.common.by import By\n        >>> from selenium.webdriver.support.ui import WebDriverWait\n        >>> from selenium.webdriver.support import expected_conditions as EC\n    \n        # Wait until an element is visible on the page\n        >>> wait = WebDriverWait(driver, 10)\n        >>> element = wait.until(EC.visibility_of_element_located((By.ID, \"exampleId\")))\n        >>> print(element.text)\n        \"\"\"\n        screen = None\n        stacktrace = None\n    \n        end_time = time.monotonic() + self._timeout\n        while True:\n            try:\n                value = method(self._driver)\n                if value:\n                    return value\n            except self._ignored_exceptions as exc:\n                screen = getattr(exc, \"screen\", None)\n                stacktrace = getattr(exc, \"stacktrace\", None)\n            if time.monotonic() > end_time:\n                break\n            time.sleep(self._poll)\n>       raise TimeoutException(message, screen, stacktrace)\nE       selenium.common.exceptions.TimeoutException: Message: \nE       Stacktrace:\nE       \tGetHandleVerifier [0x00007FF790A0CF65+75717]\nE       \tGetHandleVerifier [0x00007FF790A0CFC0+75808]\nE       \t(No symbol) [0x00007FF7907D8F9A]\nE       \t(No symbol) [0x00007FF79082F4C6]\nE       \t(No symbol) [0x00007FF79082F77C]\nE       \t(No symbol) [0x00007FF790882577]\nE       \t(No symbol) [0x00007FF7908573BF]\nE       \t(No symbol) [0x00007FF79087F39C]\nE       \t(No symbol) [0x00007FF790857153]\nE       \t(No symbol) [0x00007FF790820421]\nE       \t(No symbol) [0x00007FF7908211B3]\nE       \tGetHandleVerifier [0x00007FF790D0D74D+3223469]\nE       \tGetHandleVerifier [0x00007FF790D07CF2+3200338]\nE       \tGetHandleVerifier [0x00007FF790D25B23+3322755]\nE       \tGetHandleVerifier [0x00007FF790A26A3A+180890]\nE       \tGetHandleVerifier [0x00007FF790A2E13F+211359]\nE       \tGetHandleVerifier [0x00007FF790A152B4+109332]\nE       \tGetHandleVerifier [0x00007FF790A15462+109762]\nE       \tGetHandleVerifier [0x00007FF7909FBA79+4825]\nE       \tBaseThreadInitThunk [0x00007FFF9F45DBE7+23]\nE       \tRtlUserThreadStart [0x00007FFFA0565A6C+44]\n\n.venv\\Lib\\site-packages\\selenium\\webdriver\\support\\wait.py:146: TimeoutException","steps":[{"name":"Open https://opensource-demo.orangehrmlive.com/web/index.php/auth/login page","time":{"start":1747592132736,"stop":1747592134328,"duration":1592},"status":"passed","steps":[],"attachments":[],"parameters":[],"stepsCount":0,"attachmentStep":false,"hasContent":false,"shouldDisplayMessage":false,"attachmentsCount":0},{"name":"Enter login","time":{"start":1747592134328,"stop":1747592135390,"duration":1062},"status":"passed","steps":[],"attachments":[],"parameters":[{"name":"login","value":"'Admin'"}],"stepsCount":0,"attachmentStep":false,"hasContent":true,"shouldDisplayMessage":false,"attachmentsCount":0},{"name":"Enter password","time":{"start":1747592135390,"stop":1747592135444,"duration":54},"status":"passed","steps":[],"attachments":[],"parameters":[{"name":"password","value":"'admin123'"}],"stepsCount":0,"attachmentStep":false,"hasContent":true,"shouldDisplayMessage":false,"attachmentsCount":0},{"name":"Click submit button","time":{"start":1747592135444,"stop":1747592135494,"duration":50},"status":"passed","steps":[],"attachments":[],"parameters":[],"stepsCount":0,"attachmentStep":false,"hasContent":false,"shouldDisplayMessage":false,"attachmentsCount":0},{"name":"Page https://opensource-demo.orangehrmlive.com/web/index.php/dashboard/index is opened","time":{"start":1747592135494,"stop":1747592136294,"duration":800},"status":"passed","steps":[],"attachments":[],"parameters":[],"stepsCount":0,"attachmentStep":false,"hasContent":false,"shouldDisplayMessage":false,"attachmentsCount":0},{"name":"Open https://opensource-demo.orangehrmlive.com/web/index.php/pim/viewEmployeeList page","time":{"start":1747592136294,"stop":1747592136558,"duration":264},"status":"passed","steps":[],"attachments":[],"parameters":[],"stepsCount":0,"attachmentStep":false,"hasContent":false,"shouldDisplayMessage":false,"attachmentsCount":0},{"name":"Page https://opensource-demo.orangehrmlive.com/web/index.php/pim/viewEmployeeList is opened","time":{"start":1747592136558,"stop":1747592136561,"duration":3},"status":"passed","steps":[],"attachments":[],"parameters":[],"stepsCount":0,"attachmentStep":false,"hasContent":false,"shouldDisplayMessage":false,"attachmentsCount":0},{"name":"Enter employee name in the search field","time":{"start":1747592136561,"stop":1747592137618,"duration":1057},"status":"passed","steps":[],"attachments":[],"parameters":[{"name":"employee_name","value":"'kochanzhi'"}],"stepsCount":0,"attachmentStep":false,"hasContent":true,"shouldDisplayMessage":false,"attachmentsCount":0},{"name":" Click on the 'Search' button ","time":{"start":1747592137618,"stop":1747592137671,"duration":53},"status":"passed","steps":[],"attachments":[],"parameters":[],"stepsCount":0,"attachmentStep":false,"hasContent":false,"shouldDisplayMessage":false,"attachmentsCount":0},{"name":"Check if there are no records","time":{"start":1747592137671,"stop":1747592147743,"duration":10072},"status":"broken","statusMessage":"selenium.common.exceptions.TimeoutException: Message: \nStacktrace:\n\tGetHandleVerifier [0x00007FF790A0CF65+75717]\n\tGetHandleVerifier [0x00007FF790A0CFC0+75808]\n\t(No symbol) [0x00007FF7907D8F9A]\n\t(No symbol) [0x00007FF79082F4C6]\n\t(No symbol) [0x00007FF79082F77C]\n\t(No symbol) [0x00007FF790882577]\n\t(No symbol) [0x00007FF7908573BF]\n\t(No symbol) [0x00007FF79087F39C]\n\t(No symbol) [0x00007FF790857153]\n\t(No symbol) [0x00007FF790820421]\n\t(No symbol) [0x00007FF7908211B3]\n\tGetHandleVerifier [0x00007FF790D0D74D+3223469]\n\tGetHandleVerifier [0x00007FF790D07CF2+3200338]\n\tGetHandleVerifier [0x00007FF790D25B23+3322755]\n\tGetHandleVerifier [0x00007FF790A26A3A+180890]\n\tGetHandleVerifier [0x00007FF790A2E13F+211359]\n\tGetHandleVerifier [0x00007FF790A152B4+109332]\n\tGetHandleVerifier [0x00007FF790A15462+109762]\n\tGetHandleVerifier [0x00007FF7909FBA79+4825]\n\tBaseThreadInitThunk [0x00007FFF9F45DBE7+23]\n\tRtlUserThreadStart [0x00007FFFA0565A6C+44]\n\n","statusTrace":"  File \"c:\\Users\\artem\\Desktop\\GateAutoTests-main\\.venv\\Lib\\site-packages\\allure_commons\\_allure.py\", line 202, in impl\n    return func(*a, **kw)\n  File \"C:\\Users\\artem\\Desktop\\GateAutoTests-main\\pages\\employeeList_page.py\", line 39, in no_records_check\n    self.wait.until(EC.presence_of_element_located(self.NO_RECORDS_SPAN))\n    ~~~~~~~~~~~~~~~^^^^^^^^^^^^^^^^^^^^^^^^^^^^^^^^^^^^^^^^^^^^^^^^^^^^^^\n  File \"c:\\Users\\artem\\Desktop\\GateAutoTests-main\\.venv\\Lib\\site-packages\\selenium\\webdriver\\support\\wait.py\", line 146, in until\n    raise TimeoutException(message, screen, stacktrace)\n","steps":[],"attachments":[],"parameters":[],"stepsCount":0,"attachmentStep":false,"hasContent":true,"shouldDisplayMessage":true,"attachmentsCount":0}],"attachments":[],"parameters":[],"stepsCount":10,"attachmentStep":false,"hasContent":true,"shouldDisplayMessage":true,"attachmentsCount":0},"afterStages":[{"name":"driver::0","time":{"start":1747592147842,"stop":1747592149970,"duration":2128},"status":"passed","steps":[],"attachments":[],"parameters":[],"stepsCount":0,"attachmentStep":false,"hasContent":false,"shouldDisplayMessage":false,"attachmentsCount":0}],"labels":[{"name":"feature","value":"Profile Functionality"},{"name":"severity","value":"Critical"},{"name":"tag","value":"smoke"},{"name":"parentSuite","value":"tests"},{"name":"suite","value":"feature_profile_test"},{"name":"subSuite","value":"TestProfileFeature"},{"name":"host","value":"DESKTOP-JLRKISF"},{"name":"thread","value":"24504-MainThread"},{"name":"framework","value":"pytest"},{"name":"language","value":"cpython3"},{"name":"package","value":"tests.feature_profile_test"},{"name":"resultFormat","value":"allure2"}],"parameters":[],"links":[],"hidden":false,"retry":false,"extra":{"severity":"critical","retries":[{"uid":"f3706ed1fbe8d520","status":"broken","statusDetails":"selenium.common.exceptions.TimeoutException: Message: \nStacktrace:\n\tGetHandleVerifier [0x00007FF790A0CF65+75717]\n\tGetHandleVerifier [0x00007FF790A0CFC0+75808]\n\t(No symbol) [0x00007FF7907D8F9A]\n\t(No symbol) [0x00007FF79082F4C6]\n\t(No symbol) [0x00007FF79082F77C]\n\t(No symbol) [0x00007FF790882577]\n\t(No symbol) [0x00007FF7908573BF]\n\t(No symbol) [0x00007FF79087F39C]\n\t(No symbol) [0x00007FF790857153]\n\t(No symbol) [0x00007FF790820421]\n\t(No symbol) [0x00007FF7908211B3]\n\tGetHandleVerifier [0x00007FF790D0D74D+3223469]\n\tGetHandleVerifier [0x00007FF790D07CF2+3200338]\n\tGetHandleVerifier [0x00007FF790D25B23+3322755]\n\tGetHandleVerifier [0x00007FF790A26A3A+180890]\n\tGetHandleVerifier [0x00007FF790A2E13F+211359]\n\tGetHandleVerifier [0x00007FF790A152B4+109332]\n\tGetHandleVerifier [0x00007FF790A15462+109762]\n\tGetHandleVerifier [0x00007FF7909FBA79+4825]\n\tBaseThreadInitThunk [0x00007FFF9F45DBE7+23]\n\tRtlUserThreadStart [0x00007FFFA0565A6C+44]","time":{"start":1747592086779,"stop":1747592102019,"duration":15240}},{"uid":"e4bdc9d18eaea120","status":"broken","statusDetails":"selenium.common.exceptions.TimeoutException: Message: \nStacktrace:\n\tGetHandleVerifier [0x00007FF7376BCF65+75717]\n\tGetHandleVerifier [0x00007FF7376BCFC0+75808]\n\t(No symbol) [0x00007FF737488F9A]\n\t(No symbol) [0x00007FF7374DF4C6]\n\t(No symbol) [0x00007FF7374DF77C]\n\t(No symbol) [0x00007FF737532577]\n\t(No symbol) [0x00007FF7375073BF]\n\t(No symbol) [0x00007FF73752F39C]\n\t(No symbol) [0x00007FF737507153]\n\t(No symbol) [0x00007FF7374D0421]\n\t(No symbol) [0x00007FF7374D11B3]\n\tGetHandleVerifier [0x00007FF7379BD74D+3223469]\n\tGetHandleVerifier [0x00007FF7379B7CF2+3200338]\n\tGetHandleVerifier [0x00007FF7379D5B23+3322755]\n\tGetHandleVerifier [0x00007FF7376D6A3A+180890]\n\tGetHandleVerifier [0x00007FF7376DE13F+211359]\n\tGetHandleVerifier [0x00007FF7376C52B4+109332]\n\tGetHandleVerifier [0x00007FF7376C5462+109762]\n\tGetHandleVerifier [0x00007FF7376ABA79+4825]\n\tBaseThreadInitThunk [0x00007FFB2B8F7614+20]\n\tRtlUserThreadStart [0x00007FFB2C3C26F1+33]","time":{"start":1747589782186,"stop":1747589797245,"duration":15059}},{"uid":"b075e366cb6342c7","status":"broken","statusDetails":"selenium.common.exceptions.TimeoutException: Message: \nStacktrace:\n\tGetHandleVerifier [0x00007FF7376BCF65+75717]\n\tGetHandleVerifier [0x00007FF7376BCFC0+75808]\n\t(No symbol) [0x00007FF737488F9A]\n\t(No symbol) [0x00007FF7374DF4C6]\n\t(No symbol) [0x00007FF7374DF77C]\n\t(No symbol) [0x00007FF737532577]\n\t(No symbol) [0x00007FF7375073BF]\n\t(No symbol) [0x00007FF73752F39C]\n\t(No symbol) [0x00007FF737507153]\n\t(No symbol) [0x00007FF7374D0421]\n\t(No symbol) [0x00007FF7374D11B3]\n\tGetHandleVerifier [0x00007FF7379BD74D+3223469]\n\tGetHandleVerifier [0x00007FF7379B7CF2+3200338]\n\tGetHandleVerifier [0x00007FF7379D5B23+3322755]\n\tGetHandleVerifier [0x00007FF7376D6A3A+180890]\n\tGetHandleVerifier [0x00007FF7376DE13F+211359]\n\tGetHandleVerifier [0x00007FF7376C52B4+109332]\n\tGetHandleVerifier [0x00007FF7376C5462+109762]\n\tGetHandleVerifier [0x00007FF7376ABA79+4825]\n\tBaseThreadInitThunk [0x00007FFB2B8F7614+20]\n\tRtlUserThreadStart [0x00007FFB2C3C26F1+33]","time":{"start":1747589679751,"stop":1747589695038,"duration":15287}},{"uid":"e3ccef1a327b7d79","status":"broken","statusDetails":"selenium.common.exceptions.TimeoutException: Message: \nStacktrace:\n\tGetHandleVerifier [0x00007FF7376BCF65+75717]\n\tGetHandleVerifier [0x00007FF7376BCFC0+75808]\n\t(No symbol) [0x00007FF737488F9A]\n\t(No symbol) [0x00007FF7374DF4C6]\n\t(No symbol) [0x00007FF7374DF77C]\n\t(No symbol) [0x00007FF737532577]\n\t(No symbol) [0x00007FF7375073BF]\n\t(No symbol) [0x00007FF73752F39C]\n\t(No symbol) [0x00007FF737507153]\n\t(No symbol) [0x00007FF7374D0421]\n\t(No symbol) [0x00007FF7374D11B3]\n\tGetHandleVerifier [0x00007FF7379BD74D+3223469]\n\tGetHandleVerifier [0x00007FF7379B7CF2+3200338]\n\tGetHandleVerifier [0x00007FF7379D5B23+3322755]\n\tGetHandleVerifier [0x00007FF7376D6A3A+180890]\n\tGetHandleVerifier [0x00007FF7376DE13F+211359]\n\tGetHandleVerifier [0x00007FF7376C52B4+109332]\n\tGetHandleVerifier [0x00007FF7376C5462+109762]\n\tGetHandleVerifier [0x00007FF7376ABA79+4825]\n\tBaseThreadInitThunk [0x00007FFB2B8F7614+20]\n\tRtlUserThreadStart [0x00007FFB2C3C26F1+33]","time":{"start":1747586070039,"stop":1747586085230,"duration":15191}},{"uid":"f5b6acb8b1b2aef","status":"passed","time":{"start":1747584492622,"stop":1747584497785,"duration":5163}},{"uid":"3a71920888652095","status":"passed","time":{"start":1747584032531,"stop":1747584042506,"duration":9975}},{"uid":"547a307e8f280170","status":"broken","statusDetails":"TypeError: 'WebElement' object is not iterable","time":{"start":1747583963846,"stop":1747583968705,"duration":4859}},{"uid":"e2a74d050ab3ef88","status":"broken","statusDetails":"NameError: name 'elf' is not defined","time":{"start":1747583952330,"stop":1747583955070,"duration":2740}},{"uid":"ebe535fd90eb92a2","status":"broken","statusDetails":"TypeError: 'WebElement' object is not iterable","time":{"start":1747583882874,"stop":1747583887542,"duration":4668}},{"uid":"62f73b929228b6dd","status":"broken","statusDetails":"AttributeError: 'TestProfileFeature' object has no attribute 'employee_list_page'","time":{"start":1747583686828,"stop":1747583689646,"duration":2818}},{"uid":"a25c15001e1a1e09","status":"passed","time":{"start":1747581525875,"stop":1747581535550,"duration":9675}},{"uid":"ac7b16bcc8030b29","status":"broken","statusDetails":"TypeError: 'NoneType' object is not iterable","time":{"start":1747581061877,"stop":1747581064662,"duration":2785}},{"uid":"5543901b254107d9","status":"broken","statusDetails":"TypeError: 'NoneType' object is not iterable","time":{"start":1747580984024,"stop":1747580986662,"duration":2638}}],"categories":[{"name":"Test defects","matchedStatuses":[]}],"tags":["smoke"]},"source":"df2c522dd6e02946.json","parameterValues":[]}