{"uid":"e4bdc9d18eaea120","name":"Change profile name","fullName":"tests.feature_profile_test.TestProfileFeature#test_change_profile_name","historyId":"42b4a115007c35c622675a0baedb491a","time":{"start":1747589782186,"stop":1747589797245,"duration":15059},"status":"broken","statusMessage":"selenium.common.exceptions.TimeoutException: Message: \nStacktrace:\n\tGetHandleVerifier [0x00007FF7376BCF65+75717]\n\tGetHandleVerifier [0x00007FF7376BCFC0+75808]\n\t(No symbol) [0x00007FF737488F9A]\n\t(No symbol) [0x00007FF7374DF4C6]\n\t(No symbol) [0x00007FF7374DF77C]\n\t(No symbol) [0x00007FF737532577]\n\t(No symbol) [0x00007FF7375073BF]\n\t(No symbol) [0x00007FF73752F39C]\n\t(No symbol) [0x00007FF737507153]\n\t(No symbol) [0x00007FF7374D0421]\n\t(No symbol) [0x00007FF7374D11B3]\n\tGetHandleVerifier [0x00007FF7379BD74D+3223469]\n\tGetHandleVerifier [0x00007FF7379B7CF2+3200338]\n\tGetHandleVerifier [0x00007FF7379D5B23+3322755]\n\tGetHandleVerifier [0x00007FF7376D6A3A+180890]\n\tGetHandleVerifier [0x00007FF7376DE13F+211359]\n\tGetHandleVerifier [0x00007FF7376C52B4+109332]\n\tGetHandleVerifier [0x00007FF7376C5462+109762]\n\tGetHandleVerifier [0x00007FF7376ABA79+4825]\n\tBaseThreadInitThunk [0x00007FFB2B8F7614+20]\n\tRtlUserThreadStart [0x00007FFB2C3C26F1+33]","statusTrace":"self = <feature_profile_test.TestProfileFeature object at 0x000002160C113610>\n\n    @allure.title(\"Change profile name\")\n    @allure.severity(\"Critical\")\n    @pytest.mark.smoke\n    def test_change_profile_name(self):\n        self.login_page.open()\n        self.login_page.enter_login(self.data.LOGIN)\n        self.login_page.enter_password(self.data.PASSWORD)\n        self.login_page.click_submit_button()\n        self.dashboard_page.is_opened()\n        #self.dashboard_page.click_my_info_link()\n        #self.personal_page.is_opened()\n        #self.personal_page.change_name(f\"Test {random.randint(1, 100)}\")\n        #self.personal_page.save_changes()\n        #self.personal_page.is_changes_saved()\n        #self.personal_page.make_screenshot(\"Success\")\n        self.employee_list_page.open()\n        self.employee_list_page.is_opened()\n        self.employee_list_page.enter_employee_name_in_search_field(\"kochanzhi\")\n        self.employee_list_page.search_button_click()\n>       self.employee_list_page.no_records_check()\n\ntests\\feature_profile_test.py:28: \n_ _ _ _ _ _ _ _ _ _ _ _ _ _ _ _ _ _ _ _ _ _ _ _ _ _ _ _ _ _ _ _ _ _ _ _ _ _ _ _ _ _ _ _ _ _ _ _ _ _ _ _ _ _ _ _ _ _ _ _ _ _ _ _ _ _ _ _ _ _ _ _ _ \npages\\employeeList_page.py:39: in no_records_check\n    self.wait.until(EC.presence_of_element_located(self.NO_RECORDS_SPAN))\n_ _ _ _ _ _ _ _ _ _ _ _ _ _ _ _ _ _ _ _ _ _ _ _ _ _ _ _ _ _ _ _ _ _ _ _ _ _ _ _ _ _ _ _ _ _ _ _ _ _ _ _ _ _ _ _ _ _ _ _ _ _ _ _ _ _ _ _ _ _ _ _ _ \n\nself = <selenium.webdriver.support.wait.WebDriverWait (session=\"27f2788036897ce49a1479f352ec492b\")>\nmethod = <function presence_of_element_located.<locals>._predicate at 0x000002160BEBFCE0>, message = ''\n\n    def until(self, method: Callable[[D], Union[Literal[False], T]], message: str = \"\") -> T:\n        \"\"\"Wait until the method returns a value that is not False.\n    \n        Calls the method provided with the driver as an argument until the\n        return value does not evaluate to ``False``.\n    \n        Parameters:\n        -----------\n        method: callable(WebDriver)\n            - A callable object that takes a WebDriver instance as an argument.\n    \n        message: str\n            - Optional message for :exc:`TimeoutException`\n    \n        Return:\n        -------\n        object: T\n            - The result of the last call to `method`\n    \n        Raises:\n        -------\n        TimeoutException\n            - If 'method' does not return a truthy value within the WebDriverWait\n            object's timeout\n    \n        Example:\n        --------\n        >>> from selenium.webdriver.common.by import By\n        >>> from selenium.webdriver.support.ui import WebDriverWait\n        >>> from selenium.webdriver.support import expected_conditions as EC\n    \n        # Wait until an element is visible on the page\n        >>> wait = WebDriverWait(driver, 10)\n        >>> element = wait.until(EC.visibility_of_element_located((By.ID, \"exampleId\")))\n        >>> print(element.text)\n        \"\"\"\n        screen = None\n        stacktrace = None\n    \n        end_time = time.monotonic() + self._timeout\n        while True:\n            try:\n                value = method(self._driver)\n                if value:\n                    return value\n            except self._ignored_exceptions as exc:\n                screen = getattr(exc, \"screen\", None)\n                stacktrace = getattr(exc, \"stacktrace\", None)\n            if time.monotonic() > end_time:\n                break\n            time.sleep(self._poll)\n>       raise TimeoutException(message, screen, stacktrace)\nE       selenium.common.exceptions.TimeoutException: Message: \nE       Stacktrace:\nE       \tGetHandleVerifier [0x00007FF7376BCF65+75717]\nE       \tGetHandleVerifier [0x00007FF7376BCFC0+75808]\nE       \t(No symbol) [0x00007FF737488F9A]\nE       \t(No symbol) [0x00007FF7374DF4C6]\nE       \t(No symbol) [0x00007FF7374DF77C]\nE       \t(No symbol) [0x00007FF737532577]\nE       \t(No symbol) [0x00007FF7375073BF]\nE       \t(No symbol) [0x00007FF73752F39C]\nE       \t(No symbol) [0x00007FF737507153]\nE       \t(No symbol) [0x00007FF7374D0421]\nE       \t(No symbol) [0x00007FF7374D11B3]\nE       \tGetHandleVerifier [0x00007FF7379BD74D+3223469]\nE       \tGetHandleVerifier [0x00007FF7379B7CF2+3200338]\nE       \tGetHandleVerifier [0x00007FF7379D5B23+3322755]\nE       \tGetHandleVerifier [0x00007FF7376D6A3A+180890]\nE       \tGetHandleVerifier [0x00007FF7376DE13F+211359]\nE       \tGetHandleVerifier [0x00007FF7376C52B4+109332]\nE       \tGetHandleVerifier [0x00007FF7376C5462+109762]\nE       \tGetHandleVerifier [0x00007FF7376ABA79+4825]\nE       \tBaseThreadInitThunk [0x00007FFB2B8F7614+20]\nE       \tRtlUserThreadStart [0x00007FFB2C3C26F1+33]\n\n..\\..\\AppData\\Roaming\\Python\\Python313\\site-packages\\selenium\\webdriver\\support\\wait.py:146: TimeoutException","flaky":false,"newFailed":false,"newBroken":false,"newPassed":false,"retriesCount":0,"retriesStatusChange":false,"beforeStages":[{"name":"driver","time":{"start":1747589781085,"stop":1747589782185,"duration":1100},"status":"passed","steps":[],"attachments":[],"parameters":[],"stepsCount":0,"attachmentStep":false,"hasContent":false,"shouldDisplayMessage":false,"attachmentsCount":0},{"name":"setup","time":{"start":1747589782185,"stop":1747589782185,"duration":0},"status":"passed","steps":[],"attachments":[],"parameters":[],"stepsCount":0,"attachmentStep":false,"hasContent":false,"shouldDisplayMessage":false,"attachmentsCount":0}],"testStage":{"status":"broken","statusMessage":"selenium.common.exceptions.TimeoutException: Message: \nStacktrace:\n\tGetHandleVerifier [0x00007FF7376BCF65+75717]\n\tGetHandleVerifier [0x00007FF7376BCFC0+75808]\n\t(No symbol) [0x00007FF737488F9A]\n\t(No symbol) [0x00007FF7374DF4C6]\n\t(No symbol) [0x00007FF7374DF77C]\n\t(No symbol) [0x00007FF737532577]\n\t(No symbol) [0x00007FF7375073BF]\n\t(No symbol) [0x00007FF73752F39C]\n\t(No symbol) [0x00007FF737507153]\n\t(No symbol) [0x00007FF7374D0421]\n\t(No symbol) [0x00007FF7374D11B3]\n\tGetHandleVerifier [0x00007FF7379BD74D+3223469]\n\tGetHandleVerifier [0x00007FF7379B7CF2+3200338]\n\tGetHandleVerifier [0x00007FF7379D5B23+3322755]\n\tGetHandleVerifier [0x00007FF7376D6A3A+180890]\n\tGetHandleVerifier [0x00007FF7376DE13F+211359]\n\tGetHandleVerifier [0x00007FF7376C52B4+109332]\n\tGetHandleVerifier [0x00007FF7376C5462+109762]\n\tGetHandleVerifier [0x00007FF7376ABA79+4825]\n\tBaseThreadInitThunk [0x00007FFB2B8F7614+20]\n\tRtlUserThreadStart [0x00007FFB2C3C26F1+33]","statusTrace":"self = <feature_profile_test.TestProfileFeature object at 0x000002160C113610>\n\n    @allure.title(\"Change profile name\")\n    @allure.severity(\"Critical\")\n    @pytest.mark.smoke\n    def test_change_profile_name(self):\n        self.login_page.open()\n        self.login_page.enter_login(self.data.LOGIN)\n        self.login_page.enter_password(self.data.PASSWORD)\n        self.login_page.click_submit_button()\n        self.dashboard_page.is_opened()\n        #self.dashboard_page.click_my_info_link()\n        #self.personal_page.is_opened()\n        #self.personal_page.change_name(f\"Test {random.randint(1, 100)}\")\n        #self.personal_page.save_changes()\n        #self.personal_page.is_changes_saved()\n        #self.personal_page.make_screenshot(\"Success\")\n        self.employee_list_page.open()\n        self.employee_list_page.is_opened()\n        self.employee_list_page.enter_employee_name_in_search_field(\"kochanzhi\")\n        self.employee_list_page.search_button_click()\n>       self.employee_list_page.no_records_check()\n\ntests\\feature_profile_test.py:28: \n_ _ _ _ _ _ _ _ _ _ _ _ _ _ _ _ _ _ _ _ _ _ _ _ _ _ _ _ _ _ _ _ _ _ _ _ _ _ _ _ _ _ _ _ _ _ _ _ _ _ _ _ _ _ _ _ _ _ _ _ _ _ _ _ _ _ _ _ _ _ _ _ _ \npages\\employeeList_page.py:39: in no_records_check\n    self.wait.until(EC.presence_of_element_located(self.NO_RECORDS_SPAN))\n_ _ _ _ _ _ _ _ _ _ _ _ _ _ _ _ _ _ _ _ _ _ _ _ _ _ _ _ _ _ _ _ _ _ _ _ _ _ _ _ _ _ _ _ _ _ _ _ _ _ _ _ _ _ _ _ _ _ _ _ _ _ _ _ _ _ _ _ _ _ _ _ _ \n\nself = <selenium.webdriver.support.wait.WebDriverWait (session=\"27f2788036897ce49a1479f352ec492b\")>\nmethod = <function presence_of_element_located.<locals>._predicate at 0x000002160BEBFCE0>, message = ''\n\n    def until(self, method: Callable[[D], Union[Literal[False], T]], message: str = \"\") -> T:\n        \"\"\"Wait until the method returns a value that is not False.\n    \n        Calls the method provided with the driver as an argument until the\n        return value does not evaluate to ``False``.\n    \n        Parameters:\n        -----------\n        method: callable(WebDriver)\n            - A callable object that takes a WebDriver instance as an argument.\n    \n        message: str\n            - Optional message for :exc:`TimeoutException`\n    \n        Return:\n        -------\n        object: T\n            - The result of the last call to `method`\n    \n        Raises:\n        -------\n        TimeoutException\n            - If 'method' does not return a truthy value within the WebDriverWait\n            object's timeout\n    \n        Example:\n        --------\n        >>> from selenium.webdriver.common.by import By\n        >>> from selenium.webdriver.support.ui import WebDriverWait\n        >>> from selenium.webdriver.support import expected_conditions as EC\n    \n        # Wait until an element is visible on the page\n        >>> wait = WebDriverWait(driver, 10)\n        >>> element = wait.until(EC.visibility_of_element_located((By.ID, \"exampleId\")))\n        >>> print(element.text)\n        \"\"\"\n        screen = None\n        stacktrace = None\n    \n        end_time = time.monotonic() + self._timeout\n        while True:\n            try:\n                value = method(self._driver)\n                if value:\n                    return value\n            except self._ignored_exceptions as exc:\n                screen = getattr(exc, \"screen\", None)\n                stacktrace = getattr(exc, \"stacktrace\", None)\n            if time.monotonic() > end_time:\n                break\n            time.sleep(self._poll)\n>       raise TimeoutException(message, screen, stacktrace)\nE       selenium.common.exceptions.TimeoutException: Message: \nE       Stacktrace:\nE       \tGetHandleVerifier [0x00007FF7376BCF65+75717]\nE       \tGetHandleVerifier [0x00007FF7376BCFC0+75808]\nE       \t(No symbol) [0x00007FF737488F9A]\nE       \t(No symbol) [0x00007FF7374DF4C6]\nE       \t(No symbol) [0x00007FF7374DF77C]\nE       \t(No symbol) [0x00007FF737532577]\nE       \t(No symbol) [0x00007FF7375073BF]\nE       \t(No symbol) [0x00007FF73752F39C]\nE       \t(No symbol) [0x00007FF737507153]\nE       \t(No symbol) [0x00007FF7374D0421]\nE       \t(No symbol) [0x00007FF7374D11B3]\nE       \tGetHandleVerifier [0x00007FF7379BD74D+3223469]\nE       \tGetHandleVerifier [0x00007FF7379B7CF2+3200338]\nE       \tGetHandleVerifier [0x00007FF7379D5B23+3322755]\nE       \tGetHandleVerifier [0x00007FF7376D6A3A+180890]\nE       \tGetHandleVerifier [0x00007FF7376DE13F+211359]\nE       \tGetHandleVerifier [0x00007FF7376C52B4+109332]\nE       \tGetHandleVerifier [0x00007FF7376C5462+109762]\nE       \tGetHandleVerifier [0x00007FF7376ABA79+4825]\nE       \tBaseThreadInitThunk [0x00007FFB2B8F7614+20]\nE       \tRtlUserThreadStart [0x00007FFB2C3C26F1+33]\n\n..\\..\\AppData\\Roaming\\Python\\Python313\\site-packages\\selenium\\webdriver\\support\\wait.py:146: TimeoutException","steps":[{"name":"Open https://opensource-demo.orangehrmlive.com/web/index.php/auth/login page","time":{"start":1747589782186,"stop":1747589783771,"duration":1585},"status":"passed","steps":[],"attachments":[],"parameters":[],"stepsCount":0,"attachmentStep":false,"hasContent":false,"shouldDisplayMessage":false,"attachmentsCount":0},{"name":"Enter login","time":{"start":1747589783772,"stop":1747589784821,"duration":1049},"status":"passed","steps":[],"attachments":[],"parameters":[{"name":"login","value":"'Admin'"}],"stepsCount":0,"attachmentStep":false,"hasContent":true,"shouldDisplayMessage":false,"attachmentsCount":0},{"name":"Enter password","time":{"start":1747589784821,"stop":1747589784863,"duration":42},"status":"passed","steps":[],"attachments":[],"parameters":[{"name":"password","value":"'admin123'"}],"stepsCount":0,"attachmentStep":false,"hasContent":true,"shouldDisplayMessage":false,"attachmentsCount":0},{"name":"Click submit button","time":{"start":1747589784863,"stop":1747589784903,"duration":40},"status":"passed","steps":[],"attachments":[],"parameters":[],"stepsCount":0,"attachmentStep":false,"hasContent":false,"shouldDisplayMessage":false,"attachmentsCount":0},{"name":"Page https://opensource-demo.orangehrmlive.com/web/index.php/dashboard/index is opened","time":{"start":1747589784904,"stop":1747589785715,"duration":811},"status":"passed","steps":[],"attachments":[],"parameters":[],"stepsCount":0,"attachmentStep":false,"hasContent":false,"shouldDisplayMessage":false,"attachmentsCount":0},{"name":"Open https://opensource-demo.orangehrmlive.com/web/index.php/pim/viewEmployeeList page","time":{"start":1747589785715,"stop":1747589785996,"duration":281},"status":"passed","steps":[],"attachments":[],"parameters":[],"stepsCount":0,"attachmentStep":false,"hasContent":false,"shouldDisplayMessage":false,"attachmentsCount":0},{"name":"Page https://opensource-demo.orangehrmlive.com/web/index.php/pim/viewEmployeeList is opened","time":{"start":1747589785996,"stop":1747589785999,"duration":3},"status":"passed","steps":[],"attachments":[],"parameters":[],"stepsCount":0,"attachmentStep":false,"hasContent":false,"shouldDisplayMessage":false,"attachmentsCount":0},{"name":"Enter employee name in the search field","time":{"start":1747589786000,"stop":1747589787122,"duration":1122},"status":"passed","steps":[],"attachments":[],"parameters":[{"name":"employee_name","value":"'kochanzhi'"}],"stepsCount":0,"attachmentStep":false,"hasContent":true,"shouldDisplayMessage":false,"attachmentsCount":0},{"name":" Click on the 'Search' button ","time":{"start":1747589787122,"stop":1747589787166,"duration":44},"status":"passed","steps":[],"attachments":[],"parameters":[],"stepsCount":0,"attachmentStep":false,"hasContent":false,"shouldDisplayMessage":false,"attachmentsCount":0},{"name":"Check if there are no records","time":{"start":1747589787166,"stop":1747589797244,"duration":10078},"status":"broken","statusMessage":"selenium.common.exceptions.TimeoutException: Message: \nStacktrace:\n\tGetHandleVerifier [0x00007FF7376BCF65+75717]\n\tGetHandleVerifier [0x00007FF7376BCFC0+75808]\n\t(No symbol) [0x00007FF737488F9A]\n\t(No symbol) [0x00007FF7374DF4C6]\n\t(No symbol) [0x00007FF7374DF77C]\n\t(No symbol) [0x00007FF737532577]\n\t(No symbol) [0x00007FF7375073BF]\n\t(No symbol) [0x00007FF73752F39C]\n\t(No symbol) [0x00007FF737507153]\n\t(No symbol) [0x00007FF7374D0421]\n\t(No symbol) [0x00007FF7374D11B3]\n\tGetHandleVerifier [0x00007FF7379BD74D+3223469]\n\tGetHandleVerifier [0x00007FF7379B7CF2+3200338]\n\tGetHandleVerifier [0x00007FF7379D5B23+3322755]\n\tGetHandleVerifier [0x00007FF7376D6A3A+180890]\n\tGetHandleVerifier [0x00007FF7376DE13F+211359]\n\tGetHandleVerifier [0x00007FF7376C52B4+109332]\n\tGetHandleVerifier [0x00007FF7376C5462+109762]\n\tGetHandleVerifier [0x00007FF7376ABA79+4825]\n\tBaseThreadInitThunk [0x00007FFB2B8F7614+20]\n\tRtlUserThreadStart [0x00007FFB2C3C26F1+33]\n\n","statusTrace":"  File \"C:\\Users\\mid\\AppData\\Roaming\\Python\\Python313\\site-packages\\allure_commons\\_allure.py\", line 202, in impl\n    return func(*a, **kw)\n  File \"C:\\Users\\mid\\Desktop\\GateAutoTests-main\\pages\\employeeList_page.py\", line 39, in no_records_check\n    self.wait.until(EC.presence_of_element_located(self.NO_RECORDS_SPAN))\n    ~~~~~~~~~~~~~~~^^^^^^^^^^^^^^^^^^^^^^^^^^^^^^^^^^^^^^^^^^^^^^^^^^^^^^\n  File \"C:\\Users\\mid\\AppData\\Roaming\\Python\\Python313\\site-packages\\selenium\\webdriver\\support\\wait.py\", line 146, in until\n    raise TimeoutException(message, screen, stacktrace)\n","steps":[],"attachments":[],"parameters":[],"stepsCount":0,"attachmentStep":false,"hasContent":true,"shouldDisplayMessage":true,"attachmentsCount":0}],"attachments":[],"parameters":[],"stepsCount":10,"attachmentStep":false,"hasContent":true,"shouldDisplayMessage":true,"attachmentsCount":0},"afterStages":[{"name":"driver::0","time":{"start":1747589797312,"stop":1747589799421,"duration":2109},"status":"passed","steps":[],"attachments":[],"parameters":[],"stepsCount":0,"attachmentStep":false,"hasContent":false,"shouldDisplayMessage":false,"attachmentsCount":0}],"labels":[{"name":"feature","value":"Profile Functionality"},{"name":"severity","value":"Critical"},{"name":"tag","value":"smoke"},{"name":"parentSuite","value":"tests"},{"name":"suite","value":"feature_profile_test"},{"name":"subSuite","value":"TestProfileFeature"},{"name":"host","value":"DESKTOP-EIAORQO"},{"name":"thread","value":"4764-MainThread"},{"name":"framework","value":"pytest"},{"name":"language","value":"cpython3"},{"name":"package","value":"tests.feature_profile_test"},{"name":"resultFormat","value":"allure2"}],"parameters":[],"links":[],"hidden":true,"retry":true,"extra":{"categories":[],"tags":["smoke"]},"source":"e4bdc9d18eaea120.json","parameterValues":[]}