{"uid":"f3706ed1fbe8d520","name":"Change profile name","fullName":"tests.feature_profile_test.TestProfileFeature#test_change_profile_name","historyId":"42b4a115007c35c622675a0baedb491a","time":{"start":1747592086779,"stop":1747592102019,"duration":15240},"status":"broken","statusMessage":"selenium.common.exceptions.TimeoutException: Message: \nStacktrace:\n\tGetHandleVerifier [0x00007FF790A0CF65+75717]\n\tGetHandleVerifier [0x00007FF790A0CFC0+75808]\n\t(No symbol) [0x00007FF7907D8F9A]\n\t(No symbol) [0x00007FF79082F4C6]\n\t(No symbol) [0x00007FF79082F77C]\n\t(No symbol) [0x00007FF790882577]\n\t(No symbol) [0x00007FF7908573BF]\n\t(No symbol) [0x00007FF79087F39C]\n\t(No symbol) [0x00007FF790857153]\n\t(No symbol) [0x00007FF790820421]\n\t(No symbol) [0x00007FF7908211B3]\n\tGetHandleVerifier [0x00007FF790D0D74D+3223469]\n\tGetHandleVerifier [0x00007FF790D07CF2+3200338]\n\tGetHandleVerifier [0x00007FF790D25B23+3322755]\n\tGetHandleVerifier [0x00007FF790A26A3A+180890]\n\tGetHandleVerifier [0x00007FF790A2E13F+211359]\n\tGetHandleVerifier [0x00007FF790A152B4+109332]\n\tGetHandleVerifier [0x00007FF790A15462+109762]\n\tGetHandleVerifier [0x00007FF7909FBA79+4825]\n\tBaseThreadInitThunk [0x00007FFF9F45DBE7+23]\n\tRtlUserThreadStart [0x00007FFFA0565A6C+44]","statusTrace":"self = <feature_profile_test.TestProfileFeature object at 0x0000012DE6F9F9D0>\n\n    @allure.title(\"Change profile name\")\n    @allure.severity(\"Critical\")\n    @pytest.mark.smoke\n    def test_change_profile_name(self):\n        self.login_page.open()\n        self.login_page.enter_login(self.data.LOGIN)\n        self.login_page.enter_password(self.data.PASSWORD)\n        self.login_page.click_submit_button()\n        self.dashboard_page.is_opened()\n        #self.dashboard_page.click_my_info_link()\n        #self.personal_page.is_opened()\n        #self.personal_page.change_name(f\"Test {random.randint(1, 100)}\")\n        #self.personal_page.save_changes()\n        #self.personal_page.is_changes_saved()\n        #self.personal_page.make_screenshot(\"Success\")\n        self.employee_list_page.open()\n        self.employee_list_page.is_opened()\n        self.employee_list_page.enter_employee_name_in_search_field(\"kochanzhi\")\n        self.employee_list_page.search_button_click()\n>       self.employee_list_page.no_records_check()\n\ntests\\feature_profile_test.py:28: \n_ _ _ _ _ _ _ _ _ _ _ _ _ _ _ _ _ _ _ _ _ _ _ _ _ _ _ _ _ _ _ _ _ _ _ _ _ _ _ _ _ _ _ _ _ _ _ _ _ _ _ _ _ _ _ _ _ _ _ _ _ _ _ _ _ _ _ _ _ _ _ _ _ _ _ _ _ _ _ _ _ _ _ _ _ _ _ _ _ _ _ _ _ _ _ _ _ _ _ _ _ _ _ _ _ _ _ \npages\\employeeList_page.py:39: in no_records_check\n    self.wait.until(EC.presence_of_element_located(self.NO_RECORDS_SPAN))\n_ _ _ _ _ _ _ _ _ _ _ _ _ _ _ _ _ _ _ _ _ _ _ _ _ _ _ _ _ _ _ _ _ _ _ _ _ _ _ _ _ _ _ _ _ _ _ _ _ _ _ _ _ _ _ _ _ _ _ _ _ _ _ _ _ _ _ _ _ _ _ _ _ _ _ _ _ _ _ _ _ _ _ _ _ _ _ _ _ _ _ _ _ _ _ _ _ _ _ _ _ _ _ _ _ _ _ \n\nself = <selenium.webdriver.support.wait.WebDriverWait (session=\"b96130e9259fe65e85a5ffcaf5c4fcbf\")>, method = <function presence_of_element_located.<locals>._predicate at 0x0000012DE6CEC180>, message = ''\n\n    def until(self, method: Callable[[D], Union[Literal[False], T]], message: str = \"\") -> T:\n        \"\"\"Wait until the method returns a value that is not False.\n    \n        Calls the method provided with the driver as an argument until the\n        return value does not evaluate to ``False``.\n    \n        Parameters:\n        -----------\n        method: callable(WebDriver)\n            - A callable object that takes a WebDriver instance as an argument.\n    \n        message: str\n            - Optional message for :exc:`TimeoutException`\n    \n        Return:\n        -------\n        object: T\n            - The result of the last call to `method`\n    \n        Raises:\n        -------\n        TimeoutException\n            - If 'method' does not return a truthy value within the WebDriverWait\n            object's timeout\n    \n        Example:\n        --------\n        >>> from selenium.webdriver.common.by import By\n        >>> from selenium.webdriver.support.ui import WebDriverWait\n        >>> from selenium.webdriver.support import expected_conditions as EC\n    \n        # Wait until an element is visible on the page\n        >>> wait = WebDriverWait(driver, 10)\n        >>> element = wait.until(EC.visibility_of_element_located((By.ID, \"exampleId\")))\n        >>> print(element.text)\n        \"\"\"\n        screen = None\n        stacktrace = None\n    \n        end_time = time.monotonic() + self._timeout\n        while True:\n            try:\n                value = method(self._driver)\n                if value:\n                    return value\n            except self._ignored_exceptions as exc:\n                screen = getattr(exc, \"screen\", None)\n                stacktrace = getattr(exc, \"stacktrace\", None)\n            if time.monotonic() > end_time:\n                break\n            time.sleep(self._poll)\n>       raise TimeoutException(message, screen, stacktrace)\nE       selenium.common.exceptions.TimeoutException: Message: \nE       Stacktrace:\nE       \tGetHandleVerifier [0x00007FF790A0CF65+75717]\nE       \tGetHandleVerifier [0x00007FF790A0CFC0+75808]\nE       \t(No symbol) [0x00007FF7907D8F9A]\nE       \t(No symbol) [0x00007FF79082F4C6]\nE       \t(No symbol) [0x00007FF79082F77C]\nE       \t(No symbol) [0x00007FF790882577]\nE       \t(No symbol) [0x00007FF7908573BF]\nE       \t(No symbol) [0x00007FF79087F39C]\nE       \t(No symbol) [0x00007FF790857153]\nE       \t(No symbol) [0x00007FF790820421]\nE       \t(No symbol) [0x00007FF7908211B3]\nE       \tGetHandleVerifier [0x00007FF790D0D74D+3223469]\nE       \tGetHandleVerifier [0x00007FF790D07CF2+3200338]\nE       \tGetHandleVerifier [0x00007FF790D25B23+3322755]\nE       \tGetHandleVerifier [0x00007FF790A26A3A+180890]\nE       \tGetHandleVerifier [0x00007FF790A2E13F+211359]\nE       \tGetHandleVerifier [0x00007FF790A152B4+109332]\nE       \tGetHandleVerifier [0x00007FF790A15462+109762]\nE       \tGetHandleVerifier [0x00007FF7909FBA79+4825]\nE       \tBaseThreadInitThunk [0x00007FFF9F45DBE7+23]\nE       \tRtlUserThreadStart [0x00007FFFA0565A6C+44]\n\n.venv\\Lib\\site-packages\\selenium\\webdriver\\support\\wait.py:146: TimeoutException","flaky":false,"newFailed":false,"newBroken":false,"newPassed":false,"retriesCount":0,"retriesStatusChange":false,"beforeStages":[{"name":"driver","time":{"start":1747592084211,"stop":1747592086779,"duration":2568},"status":"passed","steps":[],"attachments":[],"parameters":[],"stepsCount":0,"attachmentStep":false,"hasContent":false,"shouldDisplayMessage":false,"attachmentsCount":0},{"name":"setup","time":{"start":1747592086779,"stop":1747592086779,"duration":0},"status":"passed","steps":[],"attachments":[],"parameters":[],"stepsCount":0,"attachmentStep":false,"hasContent":false,"shouldDisplayMessage":false,"attachmentsCount":0}],"testStage":{"status":"broken","statusMessage":"selenium.common.exceptions.TimeoutException: Message: \nStacktrace:\n\tGetHandleVerifier [0x00007FF790A0CF65+75717]\n\tGetHandleVerifier [0x00007FF790A0CFC0+75808]\n\t(No symbol) [0x00007FF7907D8F9A]\n\t(No symbol) [0x00007FF79082F4C6]\n\t(No symbol) [0x00007FF79082F77C]\n\t(No symbol) [0x00007FF790882577]\n\t(No symbol) [0x00007FF7908573BF]\n\t(No symbol) [0x00007FF79087F39C]\n\t(No symbol) [0x00007FF790857153]\n\t(No symbol) [0x00007FF790820421]\n\t(No symbol) [0x00007FF7908211B3]\n\tGetHandleVerifier [0x00007FF790D0D74D+3223469]\n\tGetHandleVerifier [0x00007FF790D07CF2+3200338]\n\tGetHandleVerifier [0x00007FF790D25B23+3322755]\n\tGetHandleVerifier [0x00007FF790A26A3A+180890]\n\tGetHandleVerifier [0x00007FF790A2E13F+211359]\n\tGetHandleVerifier [0x00007FF790A152B4+109332]\n\tGetHandleVerifier [0x00007FF790A15462+109762]\n\tGetHandleVerifier [0x00007FF7909FBA79+4825]\n\tBaseThreadInitThunk [0x00007FFF9F45DBE7+23]\n\tRtlUserThreadStart [0x00007FFFA0565A6C+44]","statusTrace":"self = <feature_profile_test.TestProfileFeature object at 0x0000012DE6F9F9D0>\n\n    @allure.title(\"Change profile name\")\n    @allure.severity(\"Critical\")\n    @pytest.mark.smoke\n    def test_change_profile_name(self):\n        self.login_page.open()\n        self.login_page.enter_login(self.data.LOGIN)\n        self.login_page.enter_password(self.data.PASSWORD)\n        self.login_page.click_submit_button()\n        self.dashboard_page.is_opened()\n        #self.dashboard_page.click_my_info_link()\n        #self.personal_page.is_opened()\n        #self.personal_page.change_name(f\"Test {random.randint(1, 100)}\")\n        #self.personal_page.save_changes()\n        #self.personal_page.is_changes_saved()\n        #self.personal_page.make_screenshot(\"Success\")\n        self.employee_list_page.open()\n        self.employee_list_page.is_opened()\n        self.employee_list_page.enter_employee_name_in_search_field(\"kochanzhi\")\n        self.employee_list_page.search_button_click()\n>       self.employee_list_page.no_records_check()\n\ntests\\feature_profile_test.py:28: \n_ _ _ _ _ _ _ _ _ _ _ _ _ _ _ _ _ _ _ _ _ _ _ _ _ _ _ _ _ _ _ _ _ _ _ _ _ _ _ _ _ _ _ _ _ _ _ _ _ _ _ _ _ _ _ _ _ _ _ _ _ _ _ _ _ _ _ _ _ _ _ _ _ _ _ _ _ _ _ _ _ _ _ _ _ _ _ _ _ _ _ _ _ _ _ _ _ _ _ _ _ _ _ _ _ _ _ \npages\\employeeList_page.py:39: in no_records_check\n    self.wait.until(EC.presence_of_element_located(self.NO_RECORDS_SPAN))\n_ _ _ _ _ _ _ _ _ _ _ _ _ _ _ _ _ _ _ _ _ _ _ _ _ _ _ _ _ _ _ _ _ _ _ _ _ _ _ _ _ _ _ _ _ _ _ _ _ _ _ _ _ _ _ _ _ _ _ _ _ _ _ _ _ _ _ _ _ _ _ _ _ _ _ _ _ _ _ _ _ _ _ _ _ _ _ _ _ _ _ _ _ _ _ _ _ _ _ _ _ _ _ _ _ _ _ \n\nself = <selenium.webdriver.support.wait.WebDriverWait (session=\"b96130e9259fe65e85a5ffcaf5c4fcbf\")>, method = <function presence_of_element_located.<locals>._predicate at 0x0000012DE6CEC180>, message = ''\n\n    def until(self, method: Callable[[D], Union[Literal[False], T]], message: str = \"\") -> T:\n        \"\"\"Wait until the method returns a value that is not False.\n    \n        Calls the method provided with the driver as an argument until the\n        return value does not evaluate to ``False``.\n    \n        Parameters:\n        -----------\n        method: callable(WebDriver)\n            - A callable object that takes a WebDriver instance as an argument.\n    \n        message: str\n            - Optional message for :exc:`TimeoutException`\n    \n        Return:\n        -------\n        object: T\n            - The result of the last call to `method`\n    \n        Raises:\n        -------\n        TimeoutException\n            - If 'method' does not return a truthy value within the WebDriverWait\n            object's timeout\n    \n        Example:\n        --------\n        >>> from selenium.webdriver.common.by import By\n        >>> from selenium.webdriver.support.ui import WebDriverWait\n        >>> from selenium.webdriver.support import expected_conditions as EC\n    \n        # Wait until an element is visible on the page\n        >>> wait = WebDriverWait(driver, 10)\n        >>> element = wait.until(EC.visibility_of_element_located((By.ID, \"exampleId\")))\n        >>> print(element.text)\n        \"\"\"\n        screen = None\n        stacktrace = None\n    \n        end_time = time.monotonic() + self._timeout\n        while True:\n            try:\n                value = method(self._driver)\n                if value:\n                    return value\n            except self._ignored_exceptions as exc:\n                screen = getattr(exc, \"screen\", None)\n                stacktrace = getattr(exc, \"stacktrace\", None)\n            if time.monotonic() > end_time:\n                break\n            time.sleep(self._poll)\n>       raise TimeoutException(message, screen, stacktrace)\nE       selenium.common.exceptions.TimeoutException: Message: \nE       Stacktrace:\nE       \tGetHandleVerifier [0x00007FF790A0CF65+75717]\nE       \tGetHandleVerifier [0x00007FF790A0CFC0+75808]\nE       \t(No symbol) [0x00007FF7907D8F9A]\nE       \t(No symbol) [0x00007FF79082F4C6]\nE       \t(No symbol) [0x00007FF79082F77C]\nE       \t(No symbol) [0x00007FF790882577]\nE       \t(No symbol) [0x00007FF7908573BF]\nE       \t(No symbol) [0x00007FF79087F39C]\nE       \t(No symbol) [0x00007FF790857153]\nE       \t(No symbol) [0x00007FF790820421]\nE       \t(No symbol) [0x00007FF7908211B3]\nE       \tGetHandleVerifier [0x00007FF790D0D74D+3223469]\nE       \tGetHandleVerifier [0x00007FF790D07CF2+3200338]\nE       \tGetHandleVerifier [0x00007FF790D25B23+3322755]\nE       \tGetHandleVerifier [0x00007FF790A26A3A+180890]\nE       \tGetHandleVerifier [0x00007FF790A2E13F+211359]\nE       \tGetHandleVerifier [0x00007FF790A152B4+109332]\nE       \tGetHandleVerifier [0x00007FF790A15462+109762]\nE       \tGetHandleVerifier [0x00007FF7909FBA79+4825]\nE       \tBaseThreadInitThunk [0x00007FFF9F45DBE7+23]\nE       \tRtlUserThreadStart [0x00007FFFA0565A6C+44]\n\n.venv\\Lib\\site-packages\\selenium\\webdriver\\support\\wait.py:146: TimeoutException","steps":[{"name":"Open https://opensource-demo.orangehrmlive.com/web/index.php/auth/login page","time":{"start":1747592086779,"stop":1747592088483,"duration":1704},"status":"passed","steps":[],"attachments":[],"parameters":[],"stepsCount":0,"attachmentStep":false,"hasContent":false,"shouldDisplayMessage":false,"attachmentsCount":0},{"name":"Enter login","time":{"start":1747592088483,"stop":1747592089582,"duration":1099},"status":"passed","steps":[],"attachments":[],"parameters":[{"name":"login","value":"'Admin'"}],"stepsCount":0,"attachmentStep":false,"hasContent":true,"shouldDisplayMessage":false,"attachmentsCount":0},{"name":"Enter password","time":{"start":1747592089582,"stop":1747592089632,"duration":50},"status":"passed","steps":[],"attachments":[],"parameters":[{"name":"password","value":"'admin123'"}],"stepsCount":0,"attachmentStep":false,"hasContent":true,"shouldDisplayMessage":false,"attachmentsCount":0},{"name":"Click submit button","time":{"start":1747592089633,"stop":1747592089682,"duration":49},"status":"passed","steps":[],"attachments":[],"parameters":[],"stepsCount":0,"attachmentStep":false,"hasContent":false,"shouldDisplayMessage":false,"attachmentsCount":0},{"name":"Page https://opensource-demo.orangehrmlive.com/web/index.php/dashboard/index is opened","time":{"start":1747592089682,"stop":1747592090482,"duration":800},"status":"passed","steps":[],"attachments":[],"parameters":[],"stepsCount":0,"attachmentStep":false,"hasContent":false,"shouldDisplayMessage":false,"attachmentsCount":0},{"name":"Open https://opensource-demo.orangehrmlive.com/web/index.php/pim/viewEmployeeList page","time":{"start":1747592090482,"stop":1747592090757,"duration":275},"status":"passed","steps":[],"attachments":[],"parameters":[],"stepsCount":0,"attachmentStep":false,"hasContent":false,"shouldDisplayMessage":false,"attachmentsCount":0},{"name":"Page https://opensource-demo.orangehrmlive.com/web/index.php/pim/viewEmployeeList is opened","time":{"start":1747592090757,"stop":1747592090759,"duration":2},"status":"passed","steps":[],"attachments":[],"parameters":[],"stepsCount":0,"attachmentStep":false,"hasContent":false,"shouldDisplayMessage":false,"attachmentsCount":0},{"name":"Enter employee name in the search field","time":{"start":1747592090759,"stop":1747592091869,"duration":1110},"status":"passed","steps":[],"attachments":[],"parameters":[{"name":"employee_name","value":"'kochanzhi'"}],"stepsCount":0,"attachmentStep":false,"hasContent":true,"shouldDisplayMessage":false,"attachmentsCount":0},{"name":" Click on the 'Search' button ","time":{"start":1747592091869,"stop":1747592091921,"duration":52},"status":"passed","steps":[],"attachments":[],"parameters":[],"stepsCount":0,"attachmentStep":false,"hasContent":false,"shouldDisplayMessage":false,"attachmentsCount":0},{"name":"Check if there are no records","time":{"start":1747592091921,"stop":1747592102006,"duration":10085},"status":"broken","statusMessage":"selenium.common.exceptions.TimeoutException: Message: \nStacktrace:\n\tGetHandleVerifier [0x00007FF790A0CF65+75717]\n\tGetHandleVerifier [0x00007FF790A0CFC0+75808]\n\t(No symbol) [0x00007FF7907D8F9A]\n\t(No symbol) [0x00007FF79082F4C6]\n\t(No symbol) [0x00007FF79082F77C]\n\t(No symbol) [0x00007FF790882577]\n\t(No symbol) [0x00007FF7908573BF]\n\t(No symbol) [0x00007FF79087F39C]\n\t(No symbol) [0x00007FF790857153]\n\t(No symbol) [0x00007FF790820421]\n\t(No symbol) [0x00007FF7908211B3]\n\tGetHandleVerifier [0x00007FF790D0D74D+3223469]\n\tGetHandleVerifier [0x00007FF790D07CF2+3200338]\n\tGetHandleVerifier [0x00007FF790D25B23+3322755]\n\tGetHandleVerifier [0x00007FF790A26A3A+180890]\n\tGetHandleVerifier [0x00007FF790A2E13F+211359]\n\tGetHandleVerifier [0x00007FF790A152B4+109332]\n\tGetHandleVerifier [0x00007FF790A15462+109762]\n\tGetHandleVerifier [0x00007FF7909FBA79+4825]\n\tBaseThreadInitThunk [0x00007FFF9F45DBE7+23]\n\tRtlUserThreadStart [0x00007FFFA0565A6C+44]\n\n","statusTrace":"  File \"c:\\Users\\artem\\Desktop\\GateAutoTests-main\\.venv\\Lib\\site-packages\\allure_commons\\_allure.py\", line 202, in impl\n    return func(*a, **kw)\n  File \"C:\\Users\\artem\\Desktop\\GateAutoTests-main\\pages\\employeeList_page.py\", line 39, in no_records_check\n    self.wait.until(EC.presence_of_element_located(self.NO_RECORDS_SPAN))\n    ~~~~~~~~~~~~~~~^^^^^^^^^^^^^^^^^^^^^^^^^^^^^^^^^^^^^^^^^^^^^^^^^^^^^^\n  File \"c:\\Users\\artem\\Desktop\\GateAutoTests-main\\.venv\\Lib\\site-packages\\selenium\\webdriver\\support\\wait.py\", line 146, in until\n    raise TimeoutException(message, screen, stacktrace)\n","steps":[],"attachments":[],"parameters":[],"stepsCount":0,"attachmentStep":false,"hasContent":true,"shouldDisplayMessage":true,"attachmentsCount":0}],"attachments":[],"parameters":[],"stepsCount":10,"attachmentStep":false,"hasContent":true,"shouldDisplayMessage":true,"attachmentsCount":0},"afterStages":[{"name":"driver::0","time":{"start":1747592102138,"stop":1747592104248,"duration":2110},"status":"passed","steps":[],"attachments":[],"parameters":[],"stepsCount":0,"attachmentStep":false,"hasContent":false,"shouldDisplayMessage":false,"attachmentsCount":0}],"labels":[{"name":"feature","value":"Profile Functionality"},{"name":"severity","value":"Critical"},{"name":"tag","value":"smoke"},{"name":"parentSuite","value":"tests"},{"name":"suite","value":"feature_profile_test"},{"name":"subSuite","value":"TestProfileFeature"},{"name":"host","value":"DESKTOP-JLRKISF"},{"name":"thread","value":"1780-MainThread"},{"name":"framework","value":"pytest"},{"name":"language","value":"cpython3"},{"name":"package","value":"tests.feature_profile_test"},{"name":"resultFormat","value":"allure2"}],"parameters":[],"links":[],"hidden":true,"retry":true,"extra":{"categories":[],"tags":["smoke"]},"source":"f3706ed1fbe8d520.json","parameterValues":[]}